<?xml version="1.0" encoding="UTF-8"?>
<!-- Generated by org.testng.reporters.JUnitXMLReporter -->
<testsuite hostname="LAPTOP-C85JR1KG" ignored="0" name="Test" tests="8" failures="0" timestamp="16 Nov 2018 01:53:56 GMT" time="38.206" errors="0">
  <testcase name="f10" time="8.591" classname="package2.Testng3"/>
  <testcase name="f8" time="10.451" classname="package2.Testng3"/>
  <testcase name="f4" time="0.001" classname="package2.Testng9"/>
  <testcase name="f5" time="0.003" classname="package2.Testng9"/>
  <testcase name="f6" time="0.001" classname="package2.Testng9"/>
  <testcase name="f7" time="0.003" classname="package2.Testng9"/>
  <testcase name="f8" time="0.001" classname="package2.Testng9"/>
  <testcase name="f9" time="0.001" classname="package2.Testng9"/>
</testsuite> <!-- Test -->
