<?xml version="1.0" encoding="UTF-8"?>
<testng-results skipped="0" failed="0" ignored="0" total="8" passed="8">
  <reporter-output>
  </reporter-output>
  <suite name="Suite" duration-ms="60063" started-at="2018-11-16T01:54:44Z" finished-at="2018-11-16T01:55:44Z">
    <groups>
    </groups>
    <test name="Test" duration-ms="60063" started-at="2018-11-16T01:54:44Z" finished-at="2018-11-16T01:55:44Z">
      <class name="package2.Testng9">
        <test-method status="PASS" signature="f4()[pri:0, instance:package2.Testng9@1a407d53]" name="f4" duration-ms="0" started-at="2018-11-16T01:55:44Z" finished-at="2018-11-16T01:55:44Z">
          <reporter-output>
          </reporter-output>
        </test-method> <!-- f4 -->
        <test-method status="PASS" signature="f5()[pri:0, instance:package2.Testng9@1a407d53]" name="f5" duration-ms="0" started-at="2018-11-16T01:55:44Z" finished-at="2018-11-16T01:55:44Z">
          <reporter-output>
          </reporter-output>
        </test-method> <!-- f5 -->
        <test-method status="PASS" signature="f6()[pri:0, instance:package2.Testng9@1a407d53]" name="f6" duration-ms="0" started-at="2018-11-16T01:55:44Z" finished-at="2018-11-16T01:55:44Z">
          <reporter-output>
          </reporter-output>
        </test-method> <!-- f6 -->
        <test-method status="PASS" signature="f7()[pri:0, instance:package2.Testng9@1a407d53]" name="f7" duration-ms="0" started-at="2018-11-16T01:55:44Z" finished-at="2018-11-16T01:55:44Z">
          <reporter-output>
          </reporter-output>
        </test-method> <!-- f7 -->
        <test-method status="PASS" signature="f8()[pri:0, instance:package2.Testng9@1a407d53]" name="f8" duration-ms="1" started-at="2018-11-16T01:55:44Z" finished-at="2018-11-16T01:55:44Z">
          <reporter-output>
          </reporter-output>
        </test-method> <!-- f8 -->
        <test-method status="PASS" signature="f9()[pri:0, instance:package2.Testng9@1a407d53]" name="f9" duration-ms="0" started-at="2018-11-16T01:55:44Z" finished-at="2018-11-16T01:55:44Z">
          <reporter-output>
          </reporter-output>
        </test-method> <!-- f9 -->
      </class> <!-- package2.Testng9 -->
      <class name="package2.Testng3">
        <test-method status="PASS" signature="beforeTest()[pri:0, instance:package2.Testng3@3498ed]" name="beforeTest" is-config="true" duration-ms="10590" started-at="2018-11-16T01:54:44Z" finished-at="2018-11-16T01:54:55Z">
          <reporter-output>
          </reporter-output>
        </test-method> <!-- beforeTest -->
        <test-method status="PASS" signature="beforeTest()[pri:0, instance:package2.Testng9@1a407d53]" name="beforeTest" is-config="true" duration-ms="0" started-at="2018-11-16T01:54:55Z" finished-at="2018-11-16T01:54:55Z">
          <reporter-output>
          </reporter-output>
        </test-method> <!-- beforeTest -->
        <test-method status="PASS" signature="f10()[pri:0, instance:package2.Testng3@3498ed]" name="f10" duration-ms="23204" started-at="2018-11-16T01:54:55Z" finished-at="2018-11-16T01:55:18Z">
          <reporter-output>
          </reporter-output>
        </test-method> <!-- f10 -->
        <test-method status="PASS" signature="f8()[pri:0, instance:package2.Testng3@3498ed]" name="f8" duration-ms="26184" started-at="2018-11-16T01:55:18Z" finished-at="2018-11-16T01:55:44Z">
          <reporter-output>
          </reporter-output>
        </test-method> <!-- f8 -->
        <test-method status="PASS" signature="afterTest()[pri:0, instance:package2.Testng3@3498ed]" name="afterTest" is-config="true" duration-ms="57" started-at="2018-11-16T01:55:44Z" finished-at="2018-11-16T01:55:44Z">
          <reporter-output>
          </reporter-output>
        </test-method> <!-- afterTest -->
        <test-method status="PASS" signature="afterTest()[pri:0, instance:package2.Testng9@1a407d53]" name="afterTest" is-config="true" duration-ms="1" started-at="2018-11-16T01:55:44Z" finished-at="2018-11-16T01:55:44Z">
          <reporter-output>
          </reporter-output>
        </test-method> <!-- afterTest -->
      </class> <!-- package2.Testng3 -->
    </test> <!-- Test -->
  </suite> <!-- Suite -->
</testng-results>
