<?xml version="1.0" encoding="UTF-8"?>
<testng-results skipped="0" failed="0" ignored="0" total="1" passed="1">
  <reporter-output>
  </reporter-output>
  <suite name="Suite" duration-ms="13087" started-at="2018-12-07T11:46:32Z" finished-at="2018-12-07T11:46:45Z">
    <groups>
    </groups>
    <test name="Test" duration-ms="13087" started-at="2018-12-07T11:46:32Z" finished-at="2018-12-07T11:46:45Z">
      <class name="testng.Log4jExample1">
        <test-method status="PASS" signature="beforeTest()[pri:0, instance:testng.Log4jExample1@42d3bd8b]" name="beforeTest" is-config="true" duration-ms="6435" started-at="2018-12-07T11:46:32Z" finished-at="2018-12-07T11:46:39Z">
          <reporter-output>
          </reporter-output>
        </test-method> <!-- beforeTest -->
        <test-method status="PASS" signature="f()[pri:0, instance:testng.Log4jExample1@42d3bd8b]" name="f" duration-ms="6375" started-at="2018-12-07T11:46:39Z" finished-at="2018-12-07T11:46:45Z">
          <reporter-output>
          </reporter-output>
        </test-method> <!-- f -->
        <test-method status="PASS" signature="afterTest()[pri:0, instance:testng.Log4jExample1@42d3bd8b]" name="afterTest" is-config="true" duration-ms="3" started-at="2018-12-07T11:46:45Z" finished-at="2018-12-07T11:46:45Z">
          <reporter-output>
          </reporter-output>
        </test-method> <!-- afterTest -->
      </class> <!-- testng.Log4jExample1 -->
    </test> <!-- Test -->
  </suite> <!-- Suite -->
</testng-results>
